<?xml version="1.0" encoding="UTF-8"?>
<testsuite xmlns:xsi="http://www.w3.org/2001/XMLSchema-instance" xsi:noNamespaceSchemaLocation="https://maven.apache.org/surefire/maven-surefire-plugin/xsd/surefire-test-report.xsd" name="com.poe.demotestsunitaires.string.PalindromeTest" time="0.001" tests="6" errors="0" skipped="0" failures="0">
  <properties>
[...]
</properties>
  <testcase name="isPalindromeKAYak" classname="com.poe.demotestsunitaires.string.PalindromeTest" time="0"/>
  <testcase name="isPalindromeKayak" classname="com.poe.demotestsunitaires.string.PalindromeTest" time="0"/>
  <testcase name="isPalindromeAvecDesAccents" classname="com.poe.demotestsunitaires.string.PalindromeTest" time="0"/>
  <testcase name="isPalindromeBonjour" classname="com.poe.demotestsunitaires.string.PalindromeTest" time="0"/>
  <testcase name="isPalindromeChaineVide" classname="com.poe.demotestsunitaires.string.PalindromeTest" time="0"/>
  <testcase name="isPalindromeAvecEspaces" classname="com.poe.demotestsunitaires.string.PalindromeTest" time="0.001"/>
</testsuite>